# JRE version: Java(TM) SE Runtime Environment (8.0_65-b17) (build 1.8.0_65-b17)
# Java VM: Java HotSpot(TM) 64-Bit Server VM (25.65-b01 mixed mode bsd-amd64 compressed oops)
Heap:
 PSYoungGen      total 36352K, used 10684K [0x00000007aab00000, 0x00000007ad700000, 0x00000007c0000000)
  eden space 28672K, 21% used [0x00000007aab00000,0x00000007ab109750,0x00000007ac700000)
  from space 7680K, 58% used [0x00000007acf80000,0x00000007ad3e5a48,0x00000007ad700000)
  to   space 8192K, 0% used [0x00000007ac700000,0x00000007ac700000,0x00000007acf00000)
 ParOldGen       total 25088K, used 11758K [0x0000000780000000, 0x0000000781880000, 0x00000007aab00000)
  object space 25088K, 46% used [0x0000000780000000,0x0000000780b7b8b0,0x0000000781880000)
 Metaspace       used 26519K, capacity 26782K, committed 27136K, reserved 1073152K
  class space    used 3419K, capacity 3522K, committed 3584K, reserved 1048576K
GC Heap History (10 events):
Event: 25.928 GC heap before
{Heap before GC invocations=5 (full 1):
 PSYoungGen      total 18944K, used 16384K [0x00000007aab00000, 0x00000007ac000000, 0x00000007c0000000)
  eden space 16384K, 100% used [0x00000007aab00000,0x00000007abb00000,0x00000007abb00000)
  from space 2560K, 0% used [0x00000007abb00000,0x00000007abb00000,0x00000007abd80000)
  to   space 2560K, 0% used [0x00000007abd80000,0x00000007abd80000,0x00000007ac000000)
 ParOldGen       total 25088K, used 4856K [0x0000000780000000, 0x0000000781880000, 0x00000007aab00000)
  object space 25088K, 19% used [0x0000000780000000,0x00000007804be338,0x0000000781880000)
 Metaspace       used 21755K, capacity 21978K, committed 22144K, reserved 1069056K
  class space    used 2758K, capacity 2842K, committed 2944K, reserved 1048576K
Event: 25.932 GC heap after
Heap after GC invocations=5 (full 1):
 PSYoungGen      total 18944K, used 2531K [0x00000007aab00000, 0x00000007ac000000, 0x00000007c0000000)
  eden space 16384K, 0% used [0x00000007aab00000,0x00000007aab00000,0x00000007abb00000)
  from space 2560K, 98% used [0x00000007abd80000,0x00000007abff8e08,0x00000007ac000000)
  to   space 2560K, 0% used [0x00000007abb00000,0x00000007abb00000,0x00000007abd80000)
 ParOldGen       total 25088K, used 6666K [0x0000000780000000, 0x0000000781880000, 0x00000007aab00000)
  object space 25088K, 26% used [0x0000000780000000,0x0000000780682b78,0x0000000781880000)
 Metaspace       used 21755K, capacity 21978K, committed 22144K, reserved 1069056K
  class space    used 2758K, capacity 2842K, committed 2944K, reserved 1048576K
}
Event: 26.197 GC heap before
{Heap before GC invocations=6 (full 1):
 PSYoungGen      total 18944K, used 18915K [0x00000007aab00000, 0x00000007ac000000, 0x00000007c0000000)
  eden space 16384K, 100% used [0x00000007aab00000,0x00000007abb00000,0x00000007abb00000)
  from space 2560K, 98% used [0x00000007abd80000,0x00000007abff8e08,0x00000007ac000000)
  to   space 2560K, 0% used [0x00000007abb00000,0x00000007abb00000,0x00000007abd80000)
 ParOldGen       total 25088K, used 6666K [0x0000000780000000, 0x0000000781880000, 0x00000007aab00000)
  object space 25088K, 26% used [0x0000000780000000,0x0000000780682b78,0x0000000781880000)
 Metaspace       used 21755K, capacity 21978K, committed 22144K, reserved 1069056K
  class space    used 2758K, capacity 2842K, committed 2944K, reserved 1048576K
Event: 26.202 GC heap after
Heap after GC invocations=6 (full 1):
 PSYoungGen      total 18944K, used 2538K [0x00000007aab00000, 0x00000007ac900000, 0x00000007c0000000)
  eden space 16384K, 0% used [0x00000007aab00000,0x00000007aab00000,0x00000007abb00000)
  from space 2560K, 99% used [0x00000007abb00000,0x00000007abd7a800,0x00000007abd80000)
  to   space 7168K, 0% used [0x00000007ac200000,0x00000007ac200000,0x00000007ac900000)
 ParOldGen       total 25088K, used 10524K [0x0000000780000000, 0x0000000781880000, 0x00000007aab00000)
  object space 25088K, 41% used [0x0000000780000000,0x0000000780a47328,0x0000000781880000)
 Metaspace       used 21755K, capacity 21978K, committed 22144K, reserved 1069056K
  class space    used 2758K, capacity 2842K, committed 2944K, reserved 1048576K
}
Event: 26.419 GC heap before
{Heap before GC invocations=7 (full 1):
 PSYoungGen      total 18944K, used 18922K [0x00000007aab00000, 0x00000007ac900000, 0x00000007c0000000)
  eden space 16384K, 100% used [0x00000007aab00000,0x00000007abb00000,0x00000007abb00000)
  from space 2560K, 99% used [0x00000007abb00000,0x00000007abd7a800,0x00000007abd80000)
  to   space 7168K, 0% used [0x00000007ac200000,0x00000007ac200000,0x00000007ac900000)
 ParOldGen       total 25088K, used 10524K [0x0000000780000000, 0x0000000781880000, 0x00000007aab00000)
  object space 25088K, 41% used [0x0000000780000000,0x0000000780a47328,0x0000000781880000)
 Metaspace       used 21755K, capacity 21978K, committed 22144K, reserved 1069056K
  class space    used 2758K, capacity 2842K, committed 2944K, reserved 1048576K
Event: 26.426 GC heap after
Heap after GC invocations=7 (full 1):
 PSYoungGen      total 22528K, used 7136K [0x00000007aab00000, 0x00000007ad980000, 0x00000007c0000000)
  eden space 15360K, 0% used [0x00000007aab00000,0x00000007aab00000,0x00000007aba00000)
  from space 7168K, 99% used [0x00000007ac200000,0x00000007ac8f8008,0x00000007ac900000)
  to   space 8192K, 0% used [0x00000007aba00000,0x00000007aba00000,0x00000007ac200000)
 ParOldGen       total 25088K, used 11038K [0x0000000780000000, 0x0000000781880000, 0x00000007aab00000)
  object space 25088K, 43% used [0x0000000780000000,0x0000000780ac78b0,0x0000000781880000)
 Metaspace       used 21755K, capacity 21978K, committed 22144K, reserved 1069056K
  class space    used 2758K, capacity 2842K, committed 2944K, reserved 1048576K
}
Event: 26.648 GC heap before
{Heap before GC invocations=8 (full 1):
 PSYoungGen      total 22528K, used 22496K [0x00000007aab00000, 0x00000007ad980000, 0x00000007c0000000)
  eden space 15360K, 100% used [0x00000007aab00000,0x00000007aba00000,0x00000007aba00000)
  from space 7168K, 99% used [0x00000007ac200000,0x00000007ac8f8008,0x00000007ac900000)
  to   space 8192K, 0% used [0x00000007aba00000,0x00000007aba00000,0x00000007ac200000)
 ParOldGen       total 25088K, used 11038K [0x0000000780000000, 0x0000000781880000, 0x00000007aab00000)
  object space 25088K, 43% used [0x0000000780000000,0x0000000780ac78b0,0x0000000781880000)
 Metaspace       used 21755K, capacity 21978K, committed 22144K, reserved 1069056K
  class space    used 2758K, capacity 2842K, committed 2944K, reserved 1048576K
Event: 26.651 GC heap after
Heap after GC invocations=8 (full 1):
 PSYoungGen      total 23552K, used 6477K [0x00000007aab00000, 0x00000007ad780000, 0x00000007c0000000)
  eden space 15360K, 0% used [0x00000007aab00000,0x00000007aab00000,0x00000007aba00000)
  from space 8192K, 79% used [0x00000007aba00000,0x00000007ac0534d0,0x00000007ac200000)
  to   space 8192K, 0% used [0x00000007acf80000,0x00000007acf80000,0x00000007ad780000)
 ParOldGen       total 25088K, used 11038K [0x0000000780000000, 0x0000000781880000, 0x00000007aab00000)
  object space 25088K, 43% used [0x0000000780000000,0x0000000780ac78b0,0x0000000781880000)
 Metaspace       used 21755K, capacity 21978K, committed 22144K, reserved 1069056K
  class space    used 2758K, capacity 2842K, committed 2944K, reserved 1048576K
}
Event: 28.251 GC heap before
{Heap before GC invocations=9 (full 1):
 PSYoungGen      total 23552K, used 21837K [0x00000007aab00000, 0x00000007ad780000, 0x00000007c0000000)
  eden space 15360K, 100% used [0x00000007aab00000,0x00000007aba00000,0x00000007aba00000)
  from space 8192K, 79% used [0x00000007aba00000,0x00000007ac0534d0,0x00000007ac200000)
  to   space 8192K, 0% used [0x00000007acf80000,0x00000007acf80000,0x00000007ad780000)
 ParOldGen       total 25088K, used 11038K [0x0000000780000000, 0x0000000781880000, 0x00000007aab00000)
  object space 25088K, 43% used [0x0000000780000000,0x0000000780ac78b0,0x0000000781880000)
 Metaspace       used 25022K, capacity 25312K, committed 25600K, reserved 1071104K
  class space    used 3188K, capacity 3291K, committed 3328K, reserved 1048576K
Event: 28.256 GC heap after
Heap after GC invocations=9 (full 1):
 PSYoungGen      total 36352K, used 4502K [0x00000007aab00000, 0x00000007ad700000, 0x00000007c0000000)
  eden space 28672K, 0% used [0x00000007aab00000,0x00000007aab00000,0x00000007ac700000)
  from space 7680K, 58% used [0x00000007acf80000,0x00000007ad3e5a48,0x00000007ad700000)
  to   space 8192K, 0% used [0x00000007ac700000,0x00000007ac700000,0x00000007acf00000)
 ParOldGen       total 25088K, used 11758K [0x0000000780000000, 0x0000000781880000, 0x00000007aab00000)
  object space 25088K, 46% used [0x0000000780000000,0x0000000780b7b8b0,0x0000000781880000)
 Metaspace       used 25022K, capacity 25312K, committed 25600K, reserved 1071104K
  class space    used 3188K, capacity 3291K, committed 3328K, reserved 1048576K
}

